[1018/170231.269:ERROR:directory_reader_win.cc(43)] FindFirstFile: Das System kann den angegebenen Pfad nicht finden. (0x3)
[1018/171316.798:ERROR:directory_reader_win.cc(43)] FindFirstFile: Das System kann den angegebenen Pfad nicht finden. (0x3)
[1018/172837.593:ERROR:directory_reader_win.cc(43)] FindFirstFile: Das System kann den angegebenen Pfad nicht finden. (0x3)
[1018/173433.421:ERROR:directory_reader_win.cc(43)] FindFirstFile: Das System kann den angegebenen Pfad nicht finden. (0x3)
[1023/165818.970:ERROR:directory_reader_win.cc(43)] FindFirstFile: Das System kann den angegebenen Pfad nicht finden. (0x3)
[1103/130131.856:ERROR:directory_reader_win.cc(43)] FindFirstFile: Das System kann den angegebenen Pfad nicht finden. (0x3)
[1103/233000.453:ERROR:directory_reader_win.cc(43)] FindFirstFile: Das System kann den angegebenen Pfad nicht finden. (0x3)
[1103/233726.804:ERROR:directory_reader_win.cc(43)] FindFirstFile: Das System kann den angegebenen Pfad nicht finden. (0x3)
[1104/000351.561:ERROR:directory_reader_win.cc(43)] FindFirstFile: Das System kann den angegebenen Pfad nicht finden. (0x3)
[1104/164347.127:ERROR:process_reader_win.cc(151)] SuspendThread: Zugriff verweigert (0x5)
[1104/164347.102:ERROR:process_reader_win.cc(123)] NtOpenThread: {Zugriff verweigert} Ein Prozess hat einen Zugriff auf ein Objekt angefordert, aber ihm wurden nicht die Rechte für den Zugriff erteilt. (0xc0000022)
[1104/164347.106:ERROR:process_reader_win.cc(123)] NtOpenThread: {Zugriff verweigert} Ein Prozess hat einen Zugriff auf ein Objekt angefordert, aber ihm wurden nicht die Rechte für den Zugriff erteilt. (0xc0000022)
[1104/164347.155:ERROR:exception_snapshot_win.cc(99)] thread ID 25016 not found in process
[1104/164347.129:ERROR:process_reader_win.cc(123)] NtOpenThread: {Zugriff verweigert} Ein Prozess hat einen Zugriff auf ein Objekt angefordert, aber ihm wurden nicht die Rechte für den Zugriff erteilt. (0xc0000022)
[1104/164347.155:ERROR:exception_snapshot_win.cc(99)] thread ID 13792 not found in process
[1104/164347.155:ERROR:exception_snapshot_win.cc(99)] thread ID 9464 not found in process
[1106/133101.018:ERROR:directory_reader_win.cc(43)] FindFirstFile: Das System kann den angegebenen Pfad nicht finden. (0x3)
[1106/134436.326:ERROR:directory_reader_win.cc(43)] FindFirstFile: Das System kann den angegebenen Pfad nicht finden. (0x3)
[1106/141832.704:ERROR:directory_reader_win.cc(43)] FindFirstFile: Das System kann den angegebenen Pfad nicht finden. (0x3)
[1106/152401.714:ERROR:directory_reader_win.cc(43)] FindFirstFile: Das System kann den angegebenen Pfad nicht finden. (0x3)
[1107/085124.048:ERROR:directory_reader_win.cc(43)] FindFirstFile: Das System kann den angegebenen Pfad nicht finden. (0x3)
[1107/101735.052:ERROR:directory_reader_win.cc(43)] FindFirstFile: Das System kann den angegebenen Pfad nicht finden. (0x3)
[1108/095636.865:ERROR:directory_reader_win.cc(43)] FindFirstFile: Das System kann den angegebenen Pfad nicht finden. (0x3)
[1108/102314.665:ERROR:directory_reader_win.cc(43)] FindFirstFile: Das System kann den angegebenen Pfad nicht finden. (0x3)
[1108/111750.824:ERROR:directory_reader_win.cc(43)] FindFirstFile: Das System kann den angegebenen Pfad nicht finden. (0x3)
[1108/124954.906:ERROR:directory_reader_win.cc(43)] FindFirstFile: Das System kann den angegebenen Pfad nicht finden. (0x3)
[1108/133209.504:ERROR:directory_reader_win.cc(43)] FindFirstFile: Das System kann den angegebenen Pfad nicht finden. (0x3)
[1108/153940.900:ERROR:directory_reader_win.cc(43)] FindFirstFile: Das System kann den angegebenen Pfad nicht finden. (0x3)
[1108/174542.274:ERROR:directory_reader_win.cc(43)] FindFirstFile: Das System kann den angegebenen Pfad nicht finden. (0x3)
[1108/211805.346:ERROR:directory_reader_win.cc(43)] FindFirstFile: Das System kann den angegebenen Pfad nicht finden. (0x3)
[1108/212347.215:ERROR:directory_reader_win.cc(43)] FindFirstFile: Das System kann den angegebenen Pfad nicht finden. (0x3)
[1108/214006.315:ERROR:directory_reader_win.cc(43)] FindFirstFile: Das System kann den angegebenen Pfad nicht finden. (0x3)
[1108/215752.342:ERROR:directory_reader_win.cc(43)] FindFirstFile: Das System kann den angegebenen Pfad nicht finden. (0x3)
[1108/220656.243:ERROR:directory_reader_win.cc(43)] FindFirstFile: Das System kann den angegebenen Pfad nicht finden. (0x3)
[1108/223552.422:ERROR:directory_reader_win.cc(43)] FindFirstFile: Das System kann den angegebenen Pfad nicht finden. (0x3)
[1108/224044.211:ERROR:directory_reader_win.cc(43)] FindFirstFile: Das System kann den angegebenen Pfad nicht finden. (0x3)
[1108/233855.388:ERROR:directory_reader_win.cc(43)] FindFirstFile: Das System kann den angegebenen Pfad nicht finden. (0x3)
[1108/235208.026:ERROR:directory_reader_win.cc(43)] FindFirstFile: Das System kann den angegebenen Pfad nicht finden. (0x3)
[1109/001529.549:ERROR:directory_reader_win.cc(43)] FindFirstFile: Das System kann den angegebenen Pfad nicht finden. (0x3)
[1110/194620.860:ERROR:directory_reader_win.cc(43)] FindFirstFile: Das System kann den angegebenen Pfad nicht finden. (0x3)
[1110/201250.857:ERROR:directory_reader_win.cc(43)] FindFirstFile: Das System kann den angegebenen Pfad nicht finden. (0x3)
[1110/203417.935:ERROR:directory_reader_win.cc(43)] FindFirstFile: Das System kann den angegebenen Pfad nicht finden. (0x3)
[1110/204621.582:ERROR:directory_reader_win.cc(43)] FindFirstFile: Das System kann den angegebenen Pfad nicht finden. (0x3)
[1110/212213.545:ERROR:directory_reader_win.cc(43)] FindFirstFile: Das System kann den angegebenen Pfad nicht finden. (0x3)
[1110/213303.820:ERROR:directory_reader_win.cc(43)] FindFirstFile: Das System kann den angegebenen Pfad nicht finden. (0x3)
[1111/142917.350:ERROR:directory_reader_win.cc(43)] FindFirstFile: Das System kann den angegebenen Pfad nicht finden. (0x3)
[1111/152621.354:ERROR:directory_reader_win.cc(43)] FindFirstFile: Das System kann den angegebenen Pfad nicht finden. (0x3)
[1111/183429.448:ERROR:directory_reader_win.cc(43)] FindFirstFile: Das System kann den angegebenen Pfad nicht finden. (0x3)
[1112/002717.520:ERROR:directory_reader_win.cc(43)] FindFirstFile: Das System kann den angegebenen Pfad nicht finden. (0x3)
[1112/005802.874:ERROR:directory_reader_win.cc(43)] FindFirstFile: Das System kann den angegebenen Pfad nicht finden. (0x3)
[1112/011418.424:ERROR:directory_reader_win.cc(43)] FindFirstFile: Das System kann den angegebenen Pfad nicht finden. (0x3)
[1112/011932.523:ERROR:directory_reader_win.cc(43)] FindFirstFile: Das System kann den angegebenen Pfad nicht finden. (0x3)
[1112/014746.366:ERROR:directory_reader_win.cc(43)] FindFirstFile: Das System kann den angegebenen Pfad nicht finden. (0x3)
[1112/015404.448:ERROR:process_reader_win.cc(123)] NtOpenThread: {Zugriff verweigert} Ein Prozess hat einen Zugriff auf ein Objekt angefordert, aber ihm wurden nicht die Rechte für den Zugriff erteilt. (0xc0000022)
[1112/015404.454:ERROR:process_reader_win.cc(123)] NtOpenThread: {Zugriff verweigert} Ein Prozess hat einen Zugriff auf ein Objekt angefordert, aber ihm wurden nicht die Rechte für den Zugriff erteilt. (0xc0000022)
[1112/015404.466:ERROR:exception_snapshot_win.cc(99)] thread ID 13632 not found in process
[1112/015404.466:ERROR:exception_snapshot_win.cc(99)] thread ID 18856 not found in process
[1112/151605.623:ERROR:directory_reader_win.cc(43)] FindFirstFile: Das System kann den angegebenen Pfad nicht finden. (0x3)
[1112/154232.616:ERROR:directory_reader_win.cc(43)] FindFirstFile: Das System kann den angegebenen Pfad nicht finden. (0x3)
[1112/155004.551:ERROR:process_reader_win.cc(123)] NtOpenThread: {Zugriff verweigert} Ein Prozess hat einen Zugriff auf ein Objekt angefordert, aber ihm wurden nicht die Rechte für den Zugriff erteilt. (0xc0000022)
[1112/155004.569:ERROR:exception_snapshot_win.cc(99)] thread ID 14032 not found in process
[1112/155004.569:ERROR:scoped_process_suspend.cc(40)] NtResumeProcess: Es wurde versucht, auf einen Prozess zuzugreifen, der gerade beendet wurde. (0xc000010a)
[1112/155004.582:ERROR:process_reader_win.cc(123)] NtOpenThread: {Zugriff verweigert} Ein Prozess hat einen Zugriff auf ein Objekt angefordert, aber ihm wurden nicht die Rechte für den Zugriff erteilt. (0xc0000022)
[1112/155004.583:ERROR:exception_snapshot_win.cc(99)] thread ID 1568 not found in process
[1112/161250.628:ERROR:directory_reader_win.cc(43)] FindFirstFile: Das System kann den angegebenen Pfad nicht finden. (0x3)
[1112/161639.022:ERROR:directory_reader_win.cc(43)] FindFirstFile: Das System kann den angegebenen Pfad nicht finden. (0x3)
[1113/131459.933:ERROR:directory_reader_win.cc(43)] FindFirstFile: Das System kann den angegebenen Pfad nicht finden. (0x3)
[1113/132949.365:ERROR:directory_reader_win.cc(43)] FindFirstFile: Das System kann den angegebenen Pfad nicht finden. (0x3)
[1113/133233.968:ERROR:directory_reader_win.cc(43)] FindFirstFile: Das System kann den angegebenen Pfad nicht finden. (0x3)
[1113/134549.279:ERROR:directory_reader_win.cc(43)] FindFirstFile: Das System kann den angegebenen Pfad nicht finden. (0x3)
[1113/140745.216:ERROR:directory_reader_win.cc(43)] FindFirstFile: Das System kann den angegebenen Pfad nicht finden. (0x3)
[1113/150214.539:ERROR:directory_reader_win.cc(43)] FindFirstFile: Das System kann den angegebenen Pfad nicht finden. (0x3)
[1113/160553.154:ERROR:directory_reader_win.cc(43)] FindFirstFile: Das System kann den angegebenen Pfad nicht finden. (0x3)
[1113/162309.421:ERROR:directory_reader_win.cc(43)] FindFirstFile: Das System kann den angegebenen Pfad nicht finden. (0x3)
[1113/164036.094:ERROR:directory_reader_win.cc(43)] FindFirstFile: Das System kann den angegebenen Pfad nicht finden. (0x3)
[1113/184014.201:ERROR:directory_reader_win.cc(43)] FindFirstFile: Das System kann den angegebenen Pfad nicht finden. (0x3)
[1113/190617.329:ERROR:directory_reader_win.cc(43)] FindFirstFile: Das System kann den angegebenen Pfad nicht finden. (0x3)
[1113/191155.749:ERROR:process_reader_win.cc(123)] NtOpenThread: {Zugriff verweigert} Ein Prozess hat einen Zugriff auf ein Objekt angefordert, aber ihm wurden nicht die Rechte für den Zugriff erteilt. (0xc0000022)
[1113/191155.750:ERROR:exception_snapshot_win.cc(99)] thread ID 12912 not found in process
[1113/191155.774:ERROR:process_reader_win.cc(123)] NtOpenThread: {Zugriff verweigert} Ein Prozess hat einen Zugriff auf ein Objekt angefordert, aber ihm wurden nicht die Rechte für den Zugriff erteilt. (0xc0000022)
[1113/191155.775:ERROR:exception_snapshot_win.cc(99)] thread ID 14224 not found in process
[1113/221307.156:ERROR:directory_reader_win.cc(43)] FindFirstFile: Das System kann den angegebenen Pfad nicht finden. (0x3)
[1113/221420.392:ERROR:directory_reader_win.cc(43)] FindFirstFile: Das System kann den angegebenen Pfad nicht finden. (0x3)
[1113/223501.598:ERROR:directory_reader_win.cc(43)] FindFirstFile: Das System kann den angegebenen Pfad nicht finden. (0x3)
[1115/131949.607:ERROR:directory_reader_win.cc(43)] FindFirstFile: Das System kann den angegebenen Pfad nicht finden. (0x3)
[1115/142113.702:ERROR:directory_reader_win.cc(43)] FindFirstFile: Das System kann den angegebenen Pfad nicht finden. (0x3)
[1115/145209.578:ERROR:directory_reader_win.cc(43)] FindFirstFile: Das System kann den angegebenen Pfad nicht finden. (0x3)
[1115/153215.361:ERROR:directory_reader_win.cc(43)] FindFirstFile: Das System kann den angegebenen Pfad nicht finden. (0x3)
[1115/155541.677:ERROR:directory_reader_win.cc(43)] FindFirstFile: Das System kann den angegebenen Pfad nicht finden. (0x3)
[1115/161759.812:ERROR:directory_reader_win.cc(43)] FindFirstFile: Das System kann den angegebenen Pfad nicht finden. (0x3)
[1115/174550.240:ERROR:directory_reader_win.cc(43)] FindFirstFile: Das System kann den angegebenen Pfad nicht finden. (0x3)
[1115/180923.526:ERROR:directory_reader_win.cc(43)] FindFirstFile: Das System kann den angegebenen Pfad nicht finden. (0x3)
[1115/182147.652:ERROR:directory_reader_win.cc(43)] FindFirstFile: Das System kann den angegebenen Pfad nicht finden. (0x3)
[1115/182430.193:ERROR:directory_reader_win.cc(43)] FindFirstFile: Das System kann den angegebenen Pfad nicht finden. (0x3)
[1115/184728.237:ERROR:directory_reader_win.cc(43)] FindFirstFile: Das System kann den angegebenen Pfad nicht finden. (0x3)
[1115/185235.557:ERROR:process_reader_win.cc(123)] NtOpenThread: {Zugriff verweigert} Ein Prozess hat einen Zugriff auf ein Objekt angefordert, aber ihm wurden nicht die Rechte für den Zugriff erteilt. (0xc0000022)
[1115/185235.564:ERROR:process_reader_win.cc(123)] NtOpenThread: {Zugriff verweigert} Ein Prozess hat einen Zugriff auf ein Objekt angefordert, aber ihm wurden nicht die Rechte für den Zugriff erteilt. (0xc0000022)
[1115/185235.573:ERROR:exception_snapshot_win.cc(99)] thread ID 13512 not found in process
[1115/185235.573:ERROR:exception_snapshot_win.cc(99)] thread ID 21004 not found in process
[1115/192130.392:ERROR:directory_reader_win.cc(43)] FindFirstFile: Das System kann den angegebenen Pfad nicht finden. (0x3)
[1115/212055.539:ERROR:directory_reader_win.cc(43)] FindFirstFile: Das System kann den angegebenen Pfad nicht finden. (0x3)
[1115/212744.614:ERROR:directory_reader_win.cc(43)] FindFirstFile: Das System kann den angegebenen Pfad nicht finden. (0x3)
