2020-11-12 01:37:45,041 INFO s.TestCaseBase [main] starting test ...
2020-11-12 01:37:45,063 INFO h.PropertiesFilesLoader [main] success loading properties-file /properties/environment.properties
2020-11-12 01:37:45,063 INFO h.PropertiesFilesLoader [main] getting property with following key...CHROME_DRIVER_LOCATION
2020-11-12 01:37:45,063 INFO h.PropertiesFilesLoader [main]  found corresponding property C:\MyWorkspace\SeleniumChromeDriver\85\chromedriver.exe
2020-11-12 01:37:51,655 INFO s.MenuSteps [main] starting Spiegel
2020-11-12 01:37:58,625 INFO s.MenuSteps [main] accepting conditions
2020-11-12 01:38:11,942 ERROR c.SeleniumDriverWrapper [main] Element Click Intercepted Exception: element click intercepted: Element <button class="flex-shrink-0 flex-no-wrap border-b border-shade-light text-black hover:border-black focus:border-transparent font-normal font-sansUI text-s leading-normal md:mt-12 lg:mt-12" data-accordion-el="expandIcon">...</button> is not clickable at point (456, 667). Other element would receive the click: <p class="font-sansUI text-base leading-normal lg:ml-160 md:ml-160 lg:mr-24 md:mr-16 sm:mb-16">...</p>
  (Session info: chrome=86.0.4240.183)
Build info: version: '3.141.59', revision: 'e82be7d358', time: '2018-11-14T08:17:03'
System info: host: 'LAPTOP-RN5VIIS5', ip: '192.168.142.1', os.name: 'Windows 10', os.arch: 'amd64', os.version: '10.0', java.version: '1.8.0_172'
Driver info: org.openqa.selenium.chrome.ChromeDriver
Capabilities {acceptInsecureCerts: false, browserName: chrome, browserVersion: 86.0.4240.183, chrome: {chromedriverVersion: 85.0.4183.87 (cd6713ebf92fa..., userDataDir: C:\Users\Lenovo\AppData\Loc...}, goog:chromeOptions: {debuggerAddress: localhost:64726}, javascriptEnabled: true, networkConnectionEnabled: false, pageLoadStrategy: normal, platform: WINDOWS, platformName: WINDOWS, proxy: Proxy(), setWindowRect: true, strictFileInteractability: false, timeouts: {implicit: 0, pageLoad: 300000, script: 30000}, unhandledPromptBehavior: dismiss and notify, webauthn:virtualAuthenticators: true}
Session ID: 203e5d27cc8477e2fbd297e8e0244081
2020-11-12 01:38:11,964 INFO c.SeleniumDriverWrapper [main] this is the filename  ERROR_SCREENSHOT_click__1605141491964.jpg
2020-11-12 01:38:15,883 ERROR c.SeleniumDriverWrapper [main] Expected condition failed: waiting for visibility of [[ChromeDriver: chrome on WINDOWS (203e5d27cc8477e2fbd297e8e0244081)] -> xpath: (//div[@class='Tooltip-content invisible absolute bg-white shadow p-8 border border-shade-lighter rounded z-10'])[7]//a[@title='Bei Thalia bestellen']] (tried for 3 second(s) with 500 milliseconds interval)
Build info: version: '3.141.59', revision: 'e82be7d358', time: '2018-11-14T08:17:03'
System info: host: 'LAPTOP-RN5VIIS5', ip: '192.168.142.1', os.name: 'Windows 10', os.arch: 'amd64', os.version: '10.0', java.version: '1.8.0_172'
Driver info: org.openqa.selenium.chrome.ChromeDriver
Capabilities {acceptInsecureCerts: false, browserName: chrome, browserVersion: 86.0.4240.183, chrome: {chromedriverVersion: 85.0.4183.87 (cd6713ebf92fa..., userDataDir: C:\Users\Lenovo\AppData\Loc...}, goog:chromeOptions: {debuggerAddress: localhost:64726}, javascriptEnabled: true, networkConnectionEnabled: false, pageLoadStrategy: normal, platform: WINDOWS, platformName: WINDOWS, proxy: Proxy(), setWindowRect: true, strictFileInteractability: false, timeouts: {implicit: 0, pageLoad: 300000, script: 30000}, unhandledPromptBehavior: dismiss and notify, webauthn:virtualAuthenticators: true}
Session ID: 203e5d27cc8477e2fbd297e8e0244081
2020-11-12 01:38:26,999 ERROR c.SeleniumDriverWrapper [main] Expected condition failed: waiting for element to be clickable: [[ChromeDriver: chrome on WINDOWS (203e5d27cc8477e2fbd297e8e0244081)] -> xpath: (//div[@class='Tooltip-content invisible absolute bg-white shadow p-8 border border-shade-lighter rounded z-10'])[7]//a[@title='Bei Thalia bestellen']] (tried for 10 second(s) with 500 milliseconds interval)
Build info: version: '3.141.59', revision: 'e82be7d358', time: '2018-11-14T08:17:03'
System info: host: 'LAPTOP-RN5VIIS5', ip: '192.168.142.1', os.name: 'Windows 10', os.arch: 'amd64', os.version: '10.0', java.version: '1.8.0_172'
Driver info: org.openqa.selenium.chrome.ChromeDriver
Capabilities {acceptInsecureCerts: false, browserName: chrome, browserVersion: 86.0.4240.183, chrome: {chromedriverVersion: 85.0.4183.87 (cd6713ebf92fa..., userDataDir: C:\Users\Lenovo\AppData\Loc...}, goog:chromeOptions: {debuggerAddress: localhost:64726}, javascriptEnabled: true, networkConnectionEnabled: false, pageLoadStrategy: normal, platform: WINDOWS, platformName: WINDOWS, proxy: Proxy(), setWindowRect: true, strictFileInteractability: false, timeouts: {implicit: 0, pageLoad: 300000, script: 30000}, unhandledPromptBehavior: dismiss and notify, webauthn:virtualAuthenticators: true}
Session ID: 203e5d27cc8477e2fbd297e8e0244081
2020-11-12 01:38:30,092 ERROR c.SeleniumDriverWrapper [main] Element not interactable exception: element not interactable
  (Session info: chrome=86.0.4240.183)
Build info: version: '3.141.59', revision: 'e82be7d358', time: '2018-11-14T08:17:03'
System info: host: 'LAPTOP-RN5VIIS5', ip: '192.168.142.1', os.name: 'Windows 10', os.arch: 'amd64', os.version: '10.0', java.version: '1.8.0_172'
Driver info: org.openqa.selenium.chrome.ChromeDriver
Capabilities {acceptInsecureCerts: false, browserName: chrome, browserVersion: 86.0.4240.183, chrome: {chromedriverVersion: 85.0.4183.87 (cd6713ebf92fa..., userDataDir: C:\Users\Lenovo\AppData\Loc...}, goog:chromeOptions: {debuggerAddress: localhost:64726}, javascriptEnabled: true, networkConnectionEnabled: false, pageLoadStrategy: normal, platform: WINDOWS, platformName: WINDOWS, proxy: Proxy(), setWindowRect: true, strictFileInteractability: false, timeouts: {implicit: 0, pageLoad: 300000, script: 30000}, unhandledPromptBehavior: dismiss and notify, webauthn:virtualAuthenticators: true}
Session ID: 203e5d27cc8477e2fbd297e8e0244081
2020-11-12 01:38:30,092 INFO c.SeleniumDriverWrapper [main] this is the filename  ERROR_SCREENSHOT_click__1605141510092.jpg
2020-11-12 01:38:30,547 WARN c.SeleniumDriverWrapper [main] WARNING: Tab1does not exists
2020-11-12 01:38:30,576 INFO s.TestCaseBase [main] starting test ...
2020-11-12 01:38:30,576 INFO s.MenuSteps [main] starting Spiegel
2020-11-12 01:38:37,080 INFO s.MenuSteps [main] accepting conditions
2020-11-12 01:38:51,680 ERROR c.SeleniumDriverWrapper [main] Element: //iframe[contains(@id, 'sp_message_iframe')] was not foundno such element: Unable to locate element: {"method":"xpath","selector":"//iframe[contains(@id, 'sp_message_iframe')]"}
  (Session info: chrome=86.0.4240.183)
For documentation on this error, please visit: https://www.seleniumhq.org/exceptions/no_such_element.html
Build info: version: '3.141.59', revision: 'e82be7d358', time: '2018-11-14T08:17:03'
System info: host: 'LAPTOP-RN5VIIS5', ip: '192.168.142.1', os.name: 'Windows 10', os.arch: 'amd64', os.version: '10.0', java.version: '1.8.0_172'
Driver info: org.openqa.selenium.chrome.ChromeDriver
Capabilities {acceptInsecureCerts: false, browserName: chrome, browserVersion: 86.0.4240.183, chrome: {chromedriverVersion: 85.0.4183.87 (cd6713ebf92fa..., userDataDir: C:\Users\Lenovo\AppData\Loc...}, goog:chromeOptions: {debuggerAddress: localhost:64726}, javascriptEnabled: true, networkConnectionEnabled: false, pageLoadStrategy: normal, platform: WINDOWS, platformName: WINDOWS, proxy: Proxy(), setWindowRect: true, strictFileInteractability: false, timeouts: {implicit: 0, pageLoad: 300000, script: 30000}, unhandledPromptBehavior: dismiss and notify, webauthn:virtualAuthenticators: true}
Session ID: 203e5d27cc8477e2fbd297e8e0244081
*** Element info: {Using=xpath, value=//iframe[contains(@id, 'sp_message_iframe')]}
2020-11-12 01:38:51,681 ERROR c.SeleniumDriverWrapper [main] //iframe[contains(@id, 'sp_message_iframe')]null
2020-11-12 01:39:08,976 INFO s.TestCaseBase [main] starting test ...
2020-11-12 01:39:08,977 INFO s.MenuSteps [main] starting Spiegel
2020-11-12 01:39:13,726 INFO s.MenuSteps [main] accepting conditions
2020-11-12 01:39:23,870 ERROR c.SeleniumDriverWrapper [main] Element: //iframe[contains(@id, 'sp_message_iframe')] was not foundno such element: Unable to locate element: {"method":"xpath","selector":"//iframe[contains(@id, 'sp_message_iframe')]"}
  (Session info: chrome=86.0.4240.183)
For documentation on this error, please visit: https://www.seleniumhq.org/exceptions/no_such_element.html
Build info: version: '3.141.59', revision: 'e82be7d358', time: '2018-11-14T08:17:03'
System info: host: 'LAPTOP-RN5VIIS5', ip: '192.168.142.1', os.name: 'Windows 10', os.arch: 'amd64', os.version: '10.0', java.version: '1.8.0_172'
Driver info: org.openqa.selenium.chrome.ChromeDriver
Capabilities {acceptInsecureCerts: false, browserName: chrome, browserVersion: 86.0.4240.183, chrome: {chromedriverVersion: 85.0.4183.87 (cd6713ebf92fa..., userDataDir: C:\Users\Lenovo\AppData\Loc...}, goog:chromeOptions: {debuggerAddress: localhost:64726}, javascriptEnabled: true, networkConnectionEnabled: false, pageLoadStrategy: normal, platform: WINDOWS, platformName: WINDOWS, proxy: Proxy(), setWindowRect: true, strictFileInteractability: false, timeouts: {implicit: 0, pageLoad: 300000, script: 30000}, unhandledPromptBehavior: dismiss and notify, webauthn:virtualAuthenticators: true}
Session ID: 203e5d27cc8477e2fbd297e8e0244081
*** Element info: {Using=xpath, value=//iframe[contains(@id, 'sp_message_iframe')]}
2020-11-12 01:39:23,871 ERROR c.SeleniumDriverWrapper [main] //iframe[contains(@id, 'sp_message_iframe')]null
2020-11-12 01:39:37,975 INFO s.TestCaseBase [main] starting test ...
2020-11-12 01:39:37,977 INFO s.MenuSteps [main] starting Spiegel
2020-11-12 01:39:45,642 INFO s.MenuSteps [main] accepting conditions
2020-11-12 01:39:51,134 ERROR c.SeleniumDriverWrapper [main] Element: //iframe[contains(@id, 'sp_message_iframe')] was not foundno such element: Unable to locate element: {"method":"xpath","selector":"//iframe[contains(@id, 'sp_message_iframe')]"}
  (Session info: chrome=86.0.4240.183)
For documentation on this error, please visit: https://www.seleniumhq.org/exceptions/no_such_element.html
Build info: version: '3.141.59', revision: 'e82be7d358', time: '2018-11-14T08:17:03'
System info: host: 'LAPTOP-RN5VIIS5', ip: '192.168.142.1', os.name: 'Windows 10', os.arch: 'amd64', os.version: '10.0', java.version: '1.8.0_172'
Driver info: org.openqa.selenium.chrome.ChromeDriver
Capabilities {acceptInsecureCerts: false, browserName: chrome, browserVersion: 86.0.4240.183, chrome: {chromedriverVersion: 85.0.4183.87 (cd6713ebf92fa..., userDataDir: C:\Users\Lenovo\AppData\Loc...}, goog:chromeOptions: {debuggerAddress: localhost:64726}, javascriptEnabled: true, networkConnectionEnabled: false, pageLoadStrategy: normal, platform: WINDOWS, platformName: WINDOWS, proxy: Proxy(), setWindowRect: true, strictFileInteractability: false, timeouts: {implicit: 0, pageLoad: 300000, script: 30000}, unhandledPromptBehavior: dismiss and notify, webauthn:virtualAuthenticators: true}
Session ID: 203e5d27cc8477e2fbd297e8e0244081
*** Element info: {Using=xpath, value=//iframe[contains(@id, 'sp_message_iframe')]}
2020-11-12 01:39:51,135 ERROR c.SeleniumDriverWrapper [main] //iframe[contains(@id, 'sp_message_iframe')]null
2020-11-12 01:40:02,901 WARN p.BestSellerBasePage [main] (//div[@data-component='SwiperBar'])[2]//ul//li//a[contains(@title,'TV & Hobby')]
2020-11-12 01:40:08,183 INFO s.TestCaseBase [main] starting test ...
2020-11-12 01:40:08,183 INFO s.MenuSteps [main] starting Spiegel
2020-11-12 01:40:15,998 INFO s.MenuSteps [main] accepting conditions
2020-11-12 01:40:21,348 ERROR c.SeleniumDriverWrapper [main] Element: //iframe[contains(@id, 'sp_message_iframe')] was not foundno such element: Unable to locate element: {"method":"xpath","selector":"//iframe[contains(@id, 'sp_message_iframe')]"}
  (Session info: chrome=86.0.4240.183)
For documentation on this error, please visit: https://www.seleniumhq.org/exceptions/no_such_element.html
Build info: version: '3.141.59', revision: 'e82be7d358', time: '2018-11-14T08:17:03'
System info: host: 'LAPTOP-RN5VIIS5', ip: '192.168.142.1', os.name: 'Windows 10', os.arch: 'amd64', os.version: '10.0', java.version: '1.8.0_172'
Driver info: org.openqa.selenium.chrome.ChromeDriver
Capabilities {acceptInsecureCerts: false, browserName: chrome, browserVersion: 86.0.4240.183, chrome: {chromedriverVersion: 85.0.4183.87 (cd6713ebf92fa..., userDataDir: C:\Users\Lenovo\AppData\Loc...}, goog:chromeOptions: {debuggerAddress: localhost:64726}, javascriptEnabled: true, networkConnectionEnabled: false, pageLoadStrategy: normal, platform: WINDOWS, platformName: WINDOWS, proxy: Proxy(), setWindowRect: true, strictFileInteractability: false, timeouts: {implicit: 0, pageLoad: 300000, script: 30000}, unhandledPromptBehavior: dismiss and notify, webauthn:virtualAuthenticators: true}
Session ID: 203e5d27cc8477e2fbd297e8e0244081
*** Element info: {Using=xpath, value=//iframe[contains(@id, 'sp_message_iframe')]}
2020-11-12 01:40:21,349 ERROR c.SeleniumDriverWrapper [main] //iframe[contains(@id, 'sp_message_iframe')]null
2020-11-12 01:40:30,767 WARN p.BestSellerBasePage [main] (//div[@data-component='SwiperBar'])[2]//ul//li//a[contains(@title,'TV & Hobby')]
2020-11-12 01:40:37,543 INFO s.TestCaseBase [main] starting test ...
2020-11-12 01:40:37,548 INFO s.MenuSteps [main] starting Spiegel
2020-11-12 01:40:43,348 INFO s.MenuSteps [main] accepting conditions
2020-11-12 01:40:47,140 ERROR c.SeleniumDriverWrapper [main] Element: //iframe[contains(@id, 'sp_message_iframe')] was not foundno such element: Unable to locate element: {"method":"xpath","selector":"//iframe[contains(@id, 'sp_message_iframe')]"}
  (Session info: chrome=86.0.4240.183)
For documentation on this error, please visit: https://www.seleniumhq.org/exceptions/no_such_element.html
Build info: version: '3.141.59', revision: 'e82be7d358', time: '2018-11-14T08:17:03'
System info: host: 'LAPTOP-RN5VIIS5', ip: '192.168.142.1', os.name: 'Windows 10', os.arch: 'amd64', os.version: '10.0', java.version: '1.8.0_172'
Driver info: org.openqa.selenium.chrome.ChromeDriver
Capabilities {acceptInsecureCerts: false, browserName: chrome, browserVersion: 86.0.4240.183, chrome: {chromedriverVersion: 85.0.4183.87 (cd6713ebf92fa..., userDataDir: C:\Users\Lenovo\AppData\Loc...}, goog:chromeOptions: {debuggerAddress: localhost:64726}, javascriptEnabled: true, networkConnectionEnabled: false, pageLoadStrategy: normal, platform: WINDOWS, platformName: WINDOWS, proxy: Proxy(), setWindowRect: true, strictFileInteractability: false, timeouts: {implicit: 0, pageLoad: 300000, script: 30000}, unhandledPromptBehavior: dismiss and notify, webauthn:virtualAuthenticators: true}
Session ID: 203e5d27cc8477e2fbd297e8e0244081
*** Element info: {Using=xpath, value=//iframe[contains(@id, 'sp_message_iframe')]}
2020-11-12 01:40:47,140 ERROR c.SeleniumDriverWrapper [main] //iframe[contains(@id, 'sp_message_iframe')]null
2020-11-12 01:40:58,159 WARN p.BestSellerBasePage [main] (//div[@data-component='SwiperBar'])[2]//ul//li//a[contains(@title,'Leben & Gesundheit')]
2020-11-12 01:41:06,524 INFO s.TestCaseBase [main] starting test ...
2020-11-12 01:41:06,524 INFO s.MenuSteps [main] starting Spiegel
2020-11-12 01:41:11,486 INFO s.MenuSteps [main] accepting conditions
2020-11-12 01:41:19,998 ERROR c.SeleniumDriverWrapper [main] Element: //iframe[contains(@id, 'sp_message_iframe')] was not foundno such element: Unable to locate element: {"method":"xpath","selector":"//iframe[contains(@id, 'sp_message_iframe')]"}
  (Session info: chrome=86.0.4240.183)
For documentation on this error, please visit: https://www.seleniumhq.org/exceptions/no_such_element.html
Build info: version: '3.141.59', revision: 'e82be7d358', time: '2018-11-14T08:17:03'
System info: host: 'LAPTOP-RN5VIIS5', ip: '192.168.142.1', os.name: 'Windows 10', os.arch: 'amd64', os.version: '10.0', java.version: '1.8.0_172'
Driver info: org.openqa.selenium.chrome.ChromeDriver
Capabilities {acceptInsecureCerts: false, browserName: chrome, browserVersion: 86.0.4240.183, chrome: {chromedriverVersion: 85.0.4183.87 (cd6713ebf92fa..., userDataDir: C:\Users\Lenovo\AppData\Loc...}, goog:chromeOptions: {debuggerAddress: localhost:64726}, javascriptEnabled: true, networkConnectionEnabled: false, pageLoadStrategy: normal, platform: WINDOWS, platformName: WINDOWS, proxy: Proxy(), setWindowRect: true, strictFileInteractability: false, timeouts: {implicit: 0, pageLoad: 300000, script: 30000}, unhandledPromptBehavior: dismiss and notify, webauthn:virtualAuthenticators: true}
Session ID: 203e5d27cc8477e2fbd297e8e0244081
*** Element info: {Using=xpath, value=//iframe[contains(@id, 'sp_message_iframe')]}
2020-11-12 01:41:19,998 ERROR c.SeleniumDriverWrapper [main] //iframe[contains(@id, 'sp_message_iframe')]null
2020-11-12 01:41:33,268 WARN p.BestSellerBasePage [main] (//div[@data-component='SwiperBar'])[2]//ul//li//a[contains(@title,'Essen & Trinken')]
2020-11-12 01:41:41,036 INFO s.TestCaseBase [main] starting test ...
2020-11-12 01:41:41,036 INFO s.MenuSteps [main] starting Spiegel
2020-11-12 01:41:44,674 INFO s.MenuSteps [main] accepting conditions
2020-11-12 01:41:49,428 ERROR c.SeleniumDriverWrapper [main] Element: //iframe[contains(@id, 'sp_message_iframe')] was not foundno such element: Unable to locate element: {"method":"xpath","selector":"//iframe[contains(@id, 'sp_message_iframe')]"}
  (Session info: chrome=86.0.4240.183)
For documentation on this error, please visit: https://www.seleniumhq.org/exceptions/no_such_element.html
Build info: version: '3.141.59', revision: 'e82be7d358', time: '2018-11-14T08:17:03'
System info: host: 'LAPTOP-RN5VIIS5', ip: '192.168.142.1', os.name: 'Windows 10', os.arch: 'amd64', os.version: '10.0', java.version: '1.8.0_172'
Driver info: org.openqa.selenium.chrome.ChromeDriver
Capabilities {acceptInsecureCerts: false, browserName: chrome, browserVersion: 86.0.4240.183, chrome: {chromedriverVersion: 85.0.4183.87 (cd6713ebf92fa..., userDataDir: C:\Users\Lenovo\AppData\Loc...}, goog:chromeOptions: {debuggerAddress: localhost:64726}, javascriptEnabled: true, networkConnectionEnabled: false, pageLoadStrategy: normal, platform: WINDOWS, platformName: WINDOWS, proxy: Proxy(), setWindowRect: true, strictFileInteractability: false, timeouts: {implicit: 0, pageLoad: 300000, script: 30000}, unhandledPromptBehavior: dismiss and notify, webauthn:virtualAuthenticators: true}
Session ID: 203e5d27cc8477e2fbd297e8e0244081
*** Element info: {Using=xpath, value=//iframe[contains(@id, 'sp_message_iframe')]}
2020-11-12 01:41:49,428 ERROR c.SeleniumDriverWrapper [main] //iframe[contains(@id, 'sp_message_iframe')]null
2020-11-12 01:41:59,114 WARN p.BestSellerBasePage [main] (//div[@data-component='SwiperBar'])[2]//ul//li//a[contains(@title,'Natur & Garten')]
2020-11-12 01:42:06,051 INFO s.TestCaseBase [main] starting test ...
2020-11-12 01:42:06,059 INFO s.MenuSteps [main] starting Spiegel
2020-11-12 01:42:10,895 INFO s.MenuSteps [main] accepting conditions
2020-11-12 01:42:14,579 ERROR c.SeleniumDriverWrapper [main] Element: //iframe[contains(@id, 'sp_message_iframe')] was not foundno such element: Unable to locate element: {"method":"xpath","selector":"//iframe[contains(@id, 'sp_message_iframe')]"}
  (Session info: chrome=86.0.4240.183)
For documentation on this error, please visit: https://www.seleniumhq.org/exceptions/no_such_element.html
Build info: version: '3.141.59', revision: 'e82be7d358', time: '2018-11-14T08:17:03'
System info: host: 'LAPTOP-RN5VIIS5', ip: '192.168.142.1', os.name: 'Windows 10', os.arch: 'amd64', os.version: '10.0', java.version: '1.8.0_172'
Driver info: org.openqa.selenium.chrome.ChromeDriver
Capabilities {acceptInsecureCerts: false, browserName: chrome, browserVersion: 86.0.4240.183, chrome: {chromedriverVersion: 85.0.4183.87 (cd6713ebf92fa..., userDataDir: C:\Users\Lenovo\AppData\Loc...}, goog:chromeOptions: {debuggerAddress: localhost:64726}, javascriptEnabled: true, networkConnectionEnabled: false, pageLoadStrategy: normal, platform: WINDOWS, platformName: WINDOWS, proxy: Proxy(), setWindowRect: true, strictFileInteractability: false, timeouts: {implicit: 0, pageLoad: 300000, script: 30000}, unhandledPromptBehavior: dismiss and notify, webauthn:virtualAuthenticators: true}
Session ID: 203e5d27cc8477e2fbd297e8e0244081
*** Element info: {Using=xpath, value=//iframe[contains(@id, 'sp_message_iframe')]}
2020-11-12 01:42:14,579 ERROR c.SeleniumDriverWrapper [main] //iframe[contains(@id, 'sp_message_iframe')]null
2020-11-12 01:42:25,239 WARN p.BestSellerBasePage [main] (//div[@data-component='SwiperBar'])[2]//ul//li//a[contains(@title,'Hobby & Kreativität')]
2020-11-12 01:42:30,552 INFO s.TestCaseBase [main] starting test ...
2020-11-12 01:42:30,552 INFO s.MenuSteps [main] starting Spiegel
2020-11-12 01:42:36,026 INFO s.MenuSteps [main] accepting conditions
2020-11-12 01:42:39,131 ERROR c.SeleniumDriverWrapper [main] Element: //iframe[contains(@id, 'sp_message_iframe')] was not foundno such element: Unable to locate element: {"method":"xpath","selector":"//iframe[contains(@id, 'sp_message_iframe')]"}
  (Session info: chrome=86.0.4240.183)
For documentation on this error, please visit: https://www.seleniumhq.org/exceptions/no_such_element.html
Build info: version: '3.141.59', revision: 'e82be7d358', time: '2018-11-14T08:17:03'
System info: host: 'LAPTOP-RN5VIIS5', ip: '192.168.142.1', os.name: 'Windows 10', os.arch: 'amd64', os.version: '10.0', java.version: '1.8.0_172'
Driver info: org.openqa.selenium.chrome.ChromeDriver
Capabilities {acceptInsecureCerts: false, browserName: chrome, browserVersion: 86.0.4240.183, chrome: {chromedriverVersion: 85.0.4183.87 (cd6713ebf92fa..., userDataDir: C:\Users\Lenovo\AppData\Loc...}, goog:chromeOptions: {debuggerAddress: localhost:64726}, javascriptEnabled: true, networkConnectionEnabled: false, pageLoadStrategy: normal, platform: WINDOWS, platformName: WINDOWS, proxy: Proxy(), setWindowRect: true, strictFileInteractability: false, timeouts: {implicit: 0, pageLoad: 300000, script: 30000}, unhandledPromptBehavior: dismiss and notify, webauthn:virtualAuthenticators: true}
Session ID: 203e5d27cc8477e2fbd297e8e0244081
*** Element info: {Using=xpath, value=//iframe[contains(@id, 'sp_message_iframe')]}
2020-11-12 01:42:39,131 ERROR c.SeleniumDriverWrapper [main] //iframe[contains(@id, 'sp_message_iframe')]null
2020-11-12 01:42:48,197 WARN p.BestSellerBasePage [main] (//div[@data-component='SwiperBar'])[2]//ul//li//a[contains(@title,'Kinderbuch')]
2020-11-12 01:42:55,170 INFO s.TestCaseBase [main] starting test ...
2020-11-12 01:42:55,170 INFO s.MenuSteps [main] starting Spiegel
2020-11-12 01:42:59,430 INFO s.MenuSteps [main] accepting conditions
2020-11-12 01:43:02,824 ERROR c.SeleniumDriverWrapper [main] Element: //iframe[contains(@id, 'sp_message_iframe')] was not foundno such element: Unable to locate element: {"method":"xpath","selector":"//iframe[contains(@id, 'sp_message_iframe')]"}
  (Session info: chrome=86.0.4240.183)
For documentation on this error, please visit: https://www.seleniumhq.org/exceptions/no_such_element.html
Build info: version: '3.141.59', revision: 'e82be7d358', time: '2018-11-14T08:17:03'
System info: host: 'LAPTOP-RN5VIIS5', ip: '192.168.142.1', os.name: 'Windows 10', os.arch: 'amd64', os.version: '10.0', java.version: '1.8.0_172'
Driver info: org.openqa.selenium.chrome.ChromeDriver
Capabilities {acceptInsecureCerts: false, browserName: chrome, browserVersion: 86.0.4240.183, chrome: {chromedriverVersion: 85.0.4183.87 (cd6713ebf92fa..., userDataDir: C:\Users\Lenovo\AppData\Loc...}, goog:chromeOptions: {debuggerAddress: localhost:64726}, javascriptEnabled: true, networkConnectionEnabled: false, pageLoadStrategy: normal, platform: WINDOWS, platformName: WINDOWS, proxy: Proxy(), setWindowRect: true, strictFileInteractability: false, timeouts: {implicit: 0, pageLoad: 300000, script: 30000}, unhandledPromptBehavior: dismiss and notify, webauthn:virtualAuthenticators: true}
Session ID: 203e5d27cc8477e2fbd297e8e0244081
*** Element info: {Using=xpath, value=//iframe[contains(@id, 'sp_message_iframe')]}
2020-11-12 01:43:02,824 ERROR c.SeleniumDriverWrapper [main] //iframe[contains(@id, 'sp_message_iframe')]null
2020-11-12 01:43:12,139 WARN p.BestSellerBasePage [main] (//div[@data-component='SwiperBar'])[2]//ul//li//a[contains(@title,'Jugendbuch')]
2020-11-12 01:43:19,244 INFO s.TestCaseBase [main] starting test ...
2020-11-12 01:43:19,244 INFO s.MenuSteps [main] starting Spiegel
2020-11-12 01:43:23,434 INFO s.MenuSteps [main] accepting conditions
2020-11-12 01:43:26,707 ERROR c.SeleniumDriverWrapper [main] Element: //iframe[contains(@id, 'sp_message_iframe')] was not foundno such element: Unable to locate element: {"method":"xpath","selector":"//iframe[contains(@id, 'sp_message_iframe')]"}
  (Session info: chrome=86.0.4240.183)
For documentation on this error, please visit: https://www.seleniumhq.org/exceptions/no_such_element.html
Build info: version: '3.141.59', revision: 'e82be7d358', time: '2018-11-14T08:17:03'
System info: host: 'LAPTOP-RN5VIIS5', ip: '192.168.142.1', os.name: 'Windows 10', os.arch: 'amd64', os.version: '10.0', java.version: '1.8.0_172'
Driver info: org.openqa.selenium.chrome.ChromeDriver
Capabilities {acceptInsecureCerts: false, browserName: chrome, browserVersion: 86.0.4240.183, chrome: {chromedriverVersion: 85.0.4183.87 (cd6713ebf92fa..., userDataDir: C:\Users\Lenovo\AppData\Loc...}, goog:chromeOptions: {debuggerAddress: localhost:64726}, javascriptEnabled: true, networkConnectionEnabled: false, pageLoadStrategy: normal, platform: WINDOWS, platformName: WINDOWS, proxy: Proxy(), setWindowRect: true, strictFileInteractability: false, timeouts: {implicit: 0, pageLoad: 300000, script: 30000}, unhandledPromptBehavior: dismiss and notify, webauthn:virtualAuthenticators: true}
Session ID: 203e5d27cc8477e2fbd297e8e0244081
*** Element info: {Using=xpath, value=//iframe[contains(@id, 'sp_message_iframe')]}
2020-11-12 01:43:26,707 ERROR c.SeleniumDriverWrapper [main] //iframe[contains(@id, 'sp_message_iframe')]null
2020-11-12 01:43:37,534 WARN p.BestSellerBasePage [main] (//div[@data-component='SwiperBar'])[2]//ul//li//a[contains(@title,'Bilderbuch')]
2020-11-12 01:43:43,181 INFO s.TestCaseBase [main] starting test ...
2020-11-12 01:43:43,181 INFO s.MenuSteps [main] starting Spiegel
2020-11-12 01:43:47,441 INFO s.MenuSteps [main] accepting conditions
2020-11-12 01:43:51,725 ERROR c.SeleniumDriverWrapper [main] Element: //iframe[contains(@id, 'sp_message_iframe')] was not foundno such element: Unable to locate element: {"method":"xpath","selector":"//iframe[contains(@id, 'sp_message_iframe')]"}
  (Session info: chrome=86.0.4240.183)
For documentation on this error, please visit: https://www.seleniumhq.org/exceptions/no_such_element.html
Build info: version: '3.141.59', revision: 'e82be7d358', time: '2018-11-14T08:17:03'
System info: host: 'LAPTOP-RN5VIIS5', ip: '192.168.142.1', os.name: 'Windows 10', os.arch: 'amd64', os.version: '10.0', java.version: '1.8.0_172'
Driver info: org.openqa.selenium.chrome.ChromeDriver
Capabilities {acceptInsecureCerts: false, browserName: chrome, browserVersion: 86.0.4240.183, chrome: {chromedriverVersion: 85.0.4183.87 (cd6713ebf92fa..., userDataDir: C:\Users\Lenovo\AppData\Loc...}, goog:chromeOptions: {debuggerAddress: localhost:64726}, javascriptEnabled: true, networkConnectionEnabled: false, pageLoadStrategy: normal, platform: WINDOWS, platformName: WINDOWS, proxy: Proxy(), setWindowRect: true, strictFileInteractability: false, timeouts: {implicit: 0, pageLoad: 300000, script: 30000}, unhandledPromptBehavior: dismiss and notify, webauthn:virtualAuthenticators: true}
Session ID: 203e5d27cc8477e2fbd297e8e0244081
*** Element info: {Using=xpath, value=//iframe[contains(@id, 'sp_message_iframe')]}
2020-11-12 01:43:51,725 ERROR c.SeleniumDriverWrapper [main] //iframe[contains(@id, 'sp_message_iframe')]null
2020-11-12 01:44:01,175 WARN p.BestSellerBasePage [main] (//div[@data-component='SwiperBar'])[2]//ul//li//a[contains(@title,'Hörbuch')]
2020-11-12 01:44:07,834 INFO s.TestCaseBase [main] starting test ...
2020-11-12 01:44:07,834 INFO s.MenuSteps [main] starting Spiegel
2020-11-12 01:44:12,708 INFO s.MenuSteps [main] accepting conditions
2020-11-12 01:44:16,515 ERROR c.SeleniumDriverWrapper [main] Element: //iframe[contains(@id, 'sp_message_iframe')] was not foundno such element: Unable to locate element: {"method":"xpath","selector":"//iframe[contains(@id, 'sp_message_iframe')]"}
  (Session info: chrome=86.0.4240.183)
For documentation on this error, please visit: https://www.seleniumhq.org/exceptions/no_such_element.html
Build info: version: '3.141.59', revision: 'e82be7d358', time: '2018-11-14T08:17:03'
System info: host: 'LAPTOP-RN5VIIS5', ip: '192.168.142.1', os.name: 'Windows 10', os.arch: 'amd64', os.version: '10.0', java.version: '1.8.0_172'
Driver info: org.openqa.selenium.chrome.ChromeDriver
Capabilities {acceptInsecureCerts: false, browserName: chrome, browserVersion: 86.0.4240.183, chrome: {chromedriverVersion: 85.0.4183.87 (cd6713ebf92fa..., userDataDir: C:\Users\Lenovo\AppData\Loc...}, goog:chromeOptions: {debuggerAddress: localhost:64726}, javascriptEnabled: true, networkConnectionEnabled: false, pageLoadStrategy: normal, platform: WINDOWS, platformName: WINDOWS, proxy: Proxy(), setWindowRect: true, strictFileInteractability: false, timeouts: {implicit: 0, pageLoad: 300000, script: 30000}, unhandledPromptBehavior: dismiss and notify, webauthn:virtualAuthenticators: true}
Session ID: 203e5d27cc8477e2fbd297e8e0244081
*** Element info: {Using=xpath, value=//iframe[contains(@id, 'sp_message_iframe')]}
2020-11-12 01:44:16,515 ERROR c.SeleniumDriverWrapper [main] //iframe[contains(@id, 'sp_message_iframe')]null
2020-11-12 01:44:22,675 INFO s.TestCaseBase [main] starting test ...
2020-11-12 01:44:22,675 INFO s.MenuSteps [main] starting Spiegel
2020-11-12 01:44:27,146 INFO s.MenuSteps [main] accepting conditions
2020-11-12 01:44:30,642 ERROR c.SeleniumDriverWrapper [main] Element: //iframe[contains(@id, 'sp_message_iframe')] was not foundno such element: Unable to locate element: {"method":"xpath","selector":"//iframe[contains(@id, 'sp_message_iframe')]"}
  (Session info: chrome=86.0.4240.183)
For documentation on this error, please visit: https://www.seleniumhq.org/exceptions/no_such_element.html
Build info: version: '3.141.59', revision: 'e82be7d358', time: '2018-11-14T08:17:03'
System info: host: 'LAPTOP-RN5VIIS5', ip: '192.168.142.1', os.name: 'Windows 10', os.arch: 'amd64', os.version: '10.0', java.version: '1.8.0_172'
Driver info: org.openqa.selenium.chrome.ChromeDriver
Capabilities {acceptInsecureCerts: false, browserName: chrome, browserVersion: 86.0.4240.183, chrome: {chromedriverVersion: 85.0.4183.87 (cd6713ebf92fa..., userDataDir: C:\Users\Lenovo\AppData\Loc...}, goog:chromeOptions: {debuggerAddress: localhost:64726}, javascriptEnabled: true, networkConnectionEnabled: false, pageLoadStrategy: normal, platform: WINDOWS, platformName: WINDOWS, proxy: Proxy(), setWindowRect: true, strictFileInteractability: false, timeouts: {implicit: 0, pageLoad: 300000, script: 30000}, unhandledPromptBehavior: dismiss and notify, webauthn:virtualAuthenticators: true}
Session ID: 203e5d27cc8477e2fbd297e8e0244081
*** Element info: {Using=xpath, value=//iframe[contains(@id, 'sp_message_iframe')]}
2020-11-12 01:44:30,642 ERROR c.SeleniumDriverWrapper [main] //iframe[contains(@id, 'sp_message_iframe')]null
2020-11-12 01:44:37,310 INFO s.TestCaseBase [main] starting test ...
2020-11-12 01:44:37,310 INFO s.MenuSteps [main] starting Spiegel
2020-11-12 01:44:41,479 INFO s.MenuSteps [main] accepting conditions
2020-11-12 01:44:45,217 ERROR c.SeleniumDriverWrapper [main] Element: //iframe[contains(@id, 'sp_message_iframe')] was not foundno such element: Unable to locate element: {"method":"xpath","selector":"//iframe[contains(@id, 'sp_message_iframe')]"}
  (Session info: chrome=86.0.4240.183)
For documentation on this error, please visit: https://www.seleniumhq.org/exceptions/no_such_element.html
Build info: version: '3.141.59', revision: 'e82be7d358', time: '2018-11-14T08:17:03'
System info: host: 'LAPTOP-RN5VIIS5', ip: '192.168.142.1', os.name: 'Windows 10', os.arch: 'amd64', os.version: '10.0', java.version: '1.8.0_172'
Driver info: org.openqa.selenium.chrome.ChromeDriver
Capabilities {acceptInsecureCerts: false, browserName: chrome, browserVersion: 86.0.4240.183, chrome: {chromedriverVersion: 85.0.4183.87 (cd6713ebf92fa..., userDataDir: C:\Users\Lenovo\AppData\Loc...}, goog:chromeOptions: {debuggerAddress: localhost:64726}, javascriptEnabled: true, networkConnectionEnabled: false, pageLoadStrategy: normal, platform: WINDOWS, platformName: WINDOWS, proxy: Proxy(), setWindowRect: true, strictFileInteractability: false, timeouts: {implicit: 0, pageLoad: 300000, script: 30000}, unhandledPromptBehavior: dismiss and notify, webauthn:virtualAuthenticators: true}
Session ID: 203e5d27cc8477e2fbd297e8e0244081
*** Element info: {Using=xpath, value=//iframe[contains(@id, 'sp_message_iframe')]}
2020-11-12 01:44:45,217 ERROR c.SeleniumDriverWrapper [main] //iframe[contains(@id, 'sp_message_iframe')]null
2020-11-12 01:44:50,246 INFO s.TestCaseBase [main] starting test ...
2020-11-12 01:44:50,246 INFO s.MenuSteps [main] starting Spiegel
2020-11-12 01:44:54,360 INFO s.MenuSteps [main] accepting conditions
2020-11-12 01:44:57,937 ERROR c.SeleniumDriverWrapper [main] Element: //iframe[contains(@id, 'sp_message_iframe')] was not foundno such element: Unable to locate element: {"method":"xpath","selector":"//iframe[contains(@id, 'sp_message_iframe')]"}
  (Session info: chrome=86.0.4240.183)
For documentation on this error, please visit: https://www.seleniumhq.org/exceptions/no_such_element.html
Build info: version: '3.141.59', revision: 'e82be7d358', time: '2018-11-14T08:17:03'
System info: host: 'LAPTOP-RN5VIIS5', ip: '192.168.142.1', os.name: 'Windows 10', os.arch: 'amd64', os.version: '10.0', java.version: '1.8.0_172'
Driver info: org.openqa.selenium.chrome.ChromeDriver
Capabilities {acceptInsecureCerts: false, browserName: chrome, browserVersion: 86.0.4240.183, chrome: {chromedriverVersion: 85.0.4183.87 (cd6713ebf92fa..., userDataDir: C:\Users\Lenovo\AppData\Loc...}, goog:chromeOptions: {debuggerAddress: localhost:64726}, javascriptEnabled: true, networkConnectionEnabled: false, pageLoadStrategy: normal, platform: WINDOWS, platformName: WINDOWS, proxy: Proxy(), setWindowRect: true, strictFileInteractability: false, timeouts: {implicit: 0, pageLoad: 300000, script: 30000}, unhandledPromptBehavior: dismiss and notify, webauthn:virtualAuthenticators: true}
Session ID: 203e5d27cc8477e2fbd297e8e0244081
*** Element info: {Using=xpath, value=//iframe[contains(@id, 'sp_message_iframe')]}
2020-11-12 01:44:57,937 ERROR c.SeleniumDriverWrapper [main] //iframe[contains(@id, 'sp_message_iframe')]null
2020-11-12 01:45:03,568 INFO s.TestCaseBase [main] starting test ...
2020-11-12 01:45:03,568 INFO s.MenuSteps [main] starting Spiegel
2020-11-12 01:45:07,957 INFO s.MenuSteps [main] accepting conditions
2020-11-12 01:45:11,895 ERROR c.SeleniumDriverWrapper [main] Element: //iframe[contains(@id, 'sp_message_iframe')] was not foundno such element: Unable to locate element: {"method":"xpath","selector":"//iframe[contains(@id, 'sp_message_iframe')]"}
  (Session info: chrome=86.0.4240.183)
For documentation on this error, please visit: https://www.seleniumhq.org/exceptions/no_such_element.html
Build info: version: '3.141.59', revision: 'e82be7d358', time: '2018-11-14T08:17:03'
System info: host: 'LAPTOP-RN5VIIS5', ip: '192.168.142.1', os.name: 'Windows 10', os.arch: 'amd64', os.version: '10.0', java.version: '1.8.0_172'
Driver info: org.openqa.selenium.chrome.ChromeDriver
Capabilities {acceptInsecureCerts: false, browserName: chrome, browserVersion: 86.0.4240.183, chrome: {chromedriverVersion: 85.0.4183.87 (cd6713ebf92fa..., userDataDir: C:\Users\Lenovo\AppData\Loc...}, goog:chromeOptions: {debuggerAddress: localhost:64726}, javascriptEnabled: true, networkConnectionEnabled: false, pageLoadStrategy: normal, platform: WINDOWS, platformName: WINDOWS, proxy: Proxy(), setWindowRect: true, strictFileInteractability: false, timeouts: {implicit: 0, pageLoad: 300000, script: 30000}, unhandledPromptBehavior: dismiss and notify, webauthn:virtualAuthenticators: true}
Session ID: 203e5d27cc8477e2fbd297e8e0244081
*** Element info: {Using=xpath, value=//iframe[contains(@id, 'sp_message_iframe')]}
2020-11-12 01:45:11,895 ERROR c.SeleniumDriverWrapper [main] //iframe[contains(@id, 'sp_message_iframe')]null
2020-11-12 01:45:17,768 INFO s.TestCaseBase [main] starting test ...
2020-11-12 01:45:17,768 INFO s.MenuSteps [main] starting Spiegel
2020-11-12 01:45:21,891 INFO s.MenuSteps [main] accepting conditions
2020-11-12 01:45:25,483 ERROR c.SeleniumDriverWrapper [main] Element: //iframe[contains(@id, 'sp_message_iframe')] was not foundno such element: Unable to locate element: {"method":"xpath","selector":"//iframe[contains(@id, 'sp_message_iframe')]"}
  (Session info: chrome=86.0.4240.183)
For documentation on this error, please visit: https://www.seleniumhq.org/exceptions/no_such_element.html
Build info: version: '3.141.59', revision: 'e82be7d358', time: '2018-11-14T08:17:03'
System info: host: 'LAPTOP-RN5VIIS5', ip: '192.168.142.1', os.name: 'Windows 10', os.arch: 'amd64', os.version: '10.0', java.version: '1.8.0_172'
Driver info: org.openqa.selenium.chrome.ChromeDriver
Capabilities {acceptInsecureCerts: false, browserName: chrome, browserVersion: 86.0.4240.183, chrome: {chromedriverVersion: 85.0.4183.87 (cd6713ebf92fa..., userDataDir: C:\Users\Lenovo\AppData\Loc...}, goog:chromeOptions: {debuggerAddress: localhost:64726}, javascriptEnabled: true, networkConnectionEnabled: false, pageLoadStrategy: normal, platform: WINDOWS, platformName: WINDOWS, proxy: Proxy(), setWindowRect: true, strictFileInteractability: false, timeouts: {implicit: 0, pageLoad: 300000, script: 30000}, unhandledPromptBehavior: dismiss and notify, webauthn:virtualAuthenticators: true}
Session ID: 203e5d27cc8477e2fbd297e8e0244081
*** Element info: {Using=xpath, value=//iframe[contains(@id, 'sp_message_iframe')]}
2020-11-12 01:45:25,483 ERROR c.SeleniumDriverWrapper [main] //iframe[contains(@id, 'sp_message_iframe')]null
2020-11-12 01:45:30,783 INFO s.TestCaseBase [main] starting test ...
2020-11-12 01:45:30,783 INFO s.MenuSteps [main] starting Spiegel
2020-11-12 01:45:34,915 INFO s.MenuSteps [main] accepting conditions
2020-11-12 01:45:38,190 ERROR c.SeleniumDriverWrapper [main] Element: //iframe[contains(@id, 'sp_message_iframe')] was not foundno such element: Unable to locate element: {"method":"xpath","selector":"//iframe[contains(@id, 'sp_message_iframe')]"}
  (Session info: chrome=86.0.4240.183)
For documentation on this error, please visit: https://www.seleniumhq.org/exceptions/no_such_element.html
Build info: version: '3.141.59', revision: 'e82be7d358', time: '2018-11-14T08:17:03'
System info: host: 'LAPTOP-RN5VIIS5', ip: '192.168.142.1', os.name: 'Windows 10', os.arch: 'amd64', os.version: '10.0', java.version: '1.8.0_172'
Driver info: org.openqa.selenium.chrome.ChromeDriver
Capabilities {acceptInsecureCerts: false, browserName: chrome, browserVersion: 86.0.4240.183, chrome: {chromedriverVersion: 85.0.4183.87 (cd6713ebf92fa..., userDataDir: C:\Users\Lenovo\AppData\Loc...}, goog:chromeOptions: {debuggerAddress: localhost:64726}, javascriptEnabled: true, networkConnectionEnabled: false, pageLoadStrategy: normal, platform: WINDOWS, platformName: WINDOWS, proxy: Proxy(), setWindowRect: true, strictFileInteractability: false, timeouts: {implicit: 0, pageLoad: 300000, script: 30000}, unhandledPromptBehavior: dismiss and notify, webauthn:virtualAuthenticators: true}
Session ID: 203e5d27cc8477e2fbd297e8e0244081
*** Element info: {Using=xpath, value=//iframe[contains(@id, 'sp_message_iframe')]}
2020-11-12 01:45:38,190 ERROR c.SeleniumDriverWrapper [main] //iframe[contains(@id, 'sp_message_iframe')]null
2020-11-12 01:45:41,221 INFO s.TestCaseBase [main] starting test ...
2020-11-12 01:45:41,221 INFO s.MenuSteps [main] starting Spiegel
2020-11-12 01:45:48,522 INFO s.TestCaseBase [main] starting test ...
2020-11-12 01:45:48,522 INFO s.MenuSteps [main] starting Spiegel
2020-11-12 01:46:00,442 INFO s.TestCaseBase [main] starting test ...
2020-11-12 01:46:00,442 INFO s.MenuSteps [main] starting Spiegel
2020-11-12 01:46:09,242 INFO s.TestCaseBase [main] starting test ...
2020-11-12 01:46:09,242 INFO s.MenuSteps [main] starting Spiegel
2020-11-12 01:46:18,025 INFO s.TestCaseBase [main] starting test ...
2020-11-12 01:46:18,025 INFO s.MenuSteps [main] starting Spiegel
2020-11-12 01:46:23,812 INFO s.MenuSteps [main] accepting conditions
2020-11-12 01:46:27,550 ERROR c.SeleniumDriverWrapper [main] Element: //iframe[contains(@id, 'sp_message_iframe')] was not foundno such element: Unable to locate element: {"method":"xpath","selector":"//iframe[contains(@id, 'sp_message_iframe')]"}
  (Session info: chrome=86.0.4240.183)
For documentation on this error, please visit: https://www.seleniumhq.org/exceptions/no_such_element.html
Build info: version: '3.141.59', revision: 'e82be7d358', time: '2018-11-14T08:17:03'
System info: host: 'LAPTOP-RN5VIIS5', ip: '192.168.142.1', os.name: 'Windows 10', os.arch: 'amd64', os.version: '10.0', java.version: '1.8.0_172'
Driver info: org.openqa.selenium.chrome.ChromeDriver
Capabilities {acceptInsecureCerts: false, browserName: chrome, browserVersion: 86.0.4240.183, chrome: {chromedriverVersion: 85.0.4183.87 (cd6713ebf92fa..., userDataDir: C:\Users\Lenovo\AppData\Loc...}, goog:chromeOptions: {debuggerAddress: localhost:64726}, javascriptEnabled: true, networkConnectionEnabled: false, pageLoadStrategy: normal, platform: WINDOWS, platformName: WINDOWS, proxy: Proxy(), setWindowRect: true, strictFileInteractability: false, timeouts: {implicit: 0, pageLoad: 300000, script: 30000}, unhandledPromptBehavior: dismiss and notify, webauthn:virtualAuthenticators: true}
Session ID: 203e5d27cc8477e2fbd297e8e0244081
*** Element info: {Using=xpath, value=//iframe[contains(@id, 'sp_message_iframe')]}
2020-11-12 01:46:27,551 ERROR c.SeleniumDriverWrapper [main] //iframe[contains(@id, 'sp_message_iframe')]null
2020-11-12 01:46:51,590 ERROR p.BasePage [main] Page DER SPIEGEL | Online-Nachrichten need longer than 15 seconds to load[Ljava.lang.StackTraceElement;@50e24ea4
2020-11-12 01:46:51,606 INFO s.TestCaseBase [main] starting test ...
2020-11-12 01:46:51,606 INFO s.MenuSteps [main] starting Spiegel
2020-11-12 01:46:56,151 INFO s.MenuSteps [main] accepting conditions
2020-11-12 01:46:57,175 ERROR c.SeleniumDriverWrapper [main] Element: //iframe[contains(@id, 'sp_message_iframe')] was not foundno such element: Unable to locate element: {"method":"xpath","selector":"//iframe[contains(@id, 'sp_message_iframe')]"}
  (Session info: chrome=86.0.4240.183)
For documentation on this error, please visit: https://www.seleniumhq.org/exceptions/no_such_element.html
Build info: version: '3.141.59', revision: 'e82be7d358', time: '2018-11-14T08:17:03'
System info: host: 'LAPTOP-RN5VIIS5', ip: '192.168.142.1', os.name: 'Windows 10', os.arch: 'amd64', os.version: '10.0', java.version: '1.8.0_172'
Driver info: org.openqa.selenium.chrome.ChromeDriver
Capabilities {acceptInsecureCerts: false, browserName: chrome, browserVersion: 86.0.4240.183, chrome: {chromedriverVersion: 85.0.4183.87 (cd6713ebf92fa..., userDataDir: C:\Users\Lenovo\AppData\Loc...}, goog:chromeOptions: {debuggerAddress: localhost:64726}, javascriptEnabled: true, networkConnectionEnabled: false, pageLoadStrategy: normal, platform: WINDOWS, platformName: WINDOWS, proxy: Proxy(), setWindowRect: true, strictFileInteractability: false, timeouts: {implicit: 0, pageLoad: 300000, script: 30000}, unhandledPromptBehavior: dismiss and notify, webauthn:virtualAuthenticators: true}
Session ID: 203e5d27cc8477e2fbd297e8e0244081
*** Element info: {Using=xpath, value=//iframe[contains(@id, 'sp_message_iframe')]}
2020-11-12 01:46:57,175 ERROR c.SeleniumDriverWrapper [main] //iframe[contains(@id, 'sp_message_iframe')]null
2020-11-12 01:47:25,237 ERROR c.SeleniumDriverWrapper [main] javascript error: Cannot read property 'scrollIntoView' of null
  (Session info: chrome=86.0.4240.183)
Build info: version: '3.141.59', revision: 'e82be7d358', time: '2018-11-14T08:17:03'
System info: host: 'LAPTOP-RN5VIIS5', ip: '192.168.142.1', os.name: 'Windows 10', os.arch: 'amd64', os.version: '10.0', java.version: '1.8.0_172'
Driver info: org.openqa.selenium.chrome.ChromeDriver
Capabilities {acceptInsecureCerts: false, browserName: chrome, browserVersion: 86.0.4240.183, chrome: {chromedriverVersion: 85.0.4183.87 (cd6713ebf92fa..., userDataDir: C:\Users\Lenovo\AppData\Loc...}, goog:chromeOptions: {debuggerAddress: localhost:64726}, javascriptEnabled: true, networkConnectionEnabled: false, pageLoadStrategy: normal, platform: WINDOWS, platformName: WINDOWS, proxy: Proxy(), setWindowRect: true, strictFileInteractability: false, timeouts: {implicit: 0, pageLoad: 300000, script: 30000}, unhandledPromptBehavior: dismiss and notify, webauthn:virtualAuthenticators: true}
Session ID: 203e5d27cc8477e2fbd297e8e0244081
2020-11-12 01:47:35,971 INFO s.TestCaseBase [main] starting test ...
2020-11-12 01:47:35,972 INFO s.MenuSteps [main] starting Spiegel
2020-11-12 01:47:41,647 INFO s.MenuSteps [main] accepting conditions
2020-11-12 01:47:43,636 ERROR c.SeleniumDriverWrapper [main] Element: //iframe[contains(@id, 'sp_message_iframe')] was not foundno such element: Unable to locate element: {"method":"xpath","selector":"//iframe[contains(@id, 'sp_message_iframe')]"}
  (Session info: chrome=86.0.4240.183)
For documentation on this error, please visit: https://www.seleniumhq.org/exceptions/no_such_element.html
Build info: version: '3.141.59', revision: 'e82be7d358', time: '2018-11-14T08:17:03'
System info: host: 'LAPTOP-RN5VIIS5', ip: '192.168.142.1', os.name: 'Windows 10', os.arch: 'amd64', os.version: '10.0', java.version: '1.8.0_172'
Driver info: org.openqa.selenium.chrome.ChromeDriver
Capabilities {acceptInsecureCerts: false, browserName: chrome, browserVersion: 86.0.4240.183, chrome: {chromedriverVersion: 85.0.4183.87 (cd6713ebf92fa..., userDataDir: C:\Users\Lenovo\AppData\Loc...}, goog:chromeOptions: {debuggerAddress: localhost:64726}, javascriptEnabled: true, networkConnectionEnabled: false, pageLoadStrategy: normal, platform: WINDOWS, platformName: WINDOWS, proxy: Proxy(), setWindowRect: true, strictFileInteractability: false, timeouts: {implicit: 0, pageLoad: 300000, script: 30000}, unhandledPromptBehavior: dismiss and notify, webauthn:virtualAuthenticators: true}
Session ID: 203e5d27cc8477e2fbd297e8e0244081
*** Element info: {Using=xpath, value=//iframe[contains(@id, 'sp_message_iframe')]}
2020-11-12 01:47:43,636 ERROR c.SeleniumDriverWrapper [main] //iframe[contains(@id, 'sp_message_iframe')]null
2020-11-12 01:48:07,872 INFO s.TestCaseBase [main] starting test ...
2020-11-12 01:48:07,872 INFO s.MenuSteps [main] starting Spiegel
2020-11-12 01:48:13,683 INFO s.MenuSteps [main] accepting conditions
2020-11-12 01:48:15,874 ERROR c.SeleniumDriverWrapper [main] Element: //iframe[contains(@id, 'sp_message_iframe')] was not foundno such element: Unable to locate element: {"method":"xpath","selector":"//iframe[contains(@id, 'sp_message_iframe')]"}
  (Session info: chrome=86.0.4240.183)
For documentation on this error, please visit: https://www.seleniumhq.org/exceptions/no_such_element.html
Build info: version: '3.141.59', revision: 'e82be7d358', time: '2018-11-14T08:17:03'
System info: host: 'LAPTOP-RN5VIIS5', ip: '192.168.142.1', os.name: 'Windows 10', os.arch: 'amd64', os.version: '10.0', java.version: '1.8.0_172'
Driver info: org.openqa.selenium.chrome.ChromeDriver
Capabilities {acceptInsecureCerts: false, browserName: chrome, browserVersion: 86.0.4240.183, chrome: {chromedriverVersion: 85.0.4183.87 (cd6713ebf92fa..., userDataDir: C:\Users\Lenovo\AppData\Loc...}, goog:chromeOptions: {debuggerAddress: localhost:64726}, javascriptEnabled: true, networkConnectionEnabled: false, pageLoadStrategy: normal, platform: WINDOWS, platformName: WINDOWS, proxy: Proxy(), setWindowRect: true, strictFileInteractability: false, timeouts: {implicit: 0, pageLoad: 300000, script: 30000}, unhandledPromptBehavior: dismiss and notify, webauthn:virtualAuthenticators: true}
Session ID: 203e5d27cc8477e2fbd297e8e0244081
*** Element info: {Using=xpath, value=//iframe[contains(@id, 'sp_message_iframe')]}
2020-11-12 01:48:15,874 ERROR c.SeleniumDriverWrapper [main] //iframe[contains(@id, 'sp_message_iframe')]null
2020-11-12 01:48:39,872 INFO s.TestCaseBase [main] starting test ...
2020-11-12 01:48:39,873 INFO s.MenuSteps [main] starting Spiegel
2020-11-12 01:48:45,498 INFO s.MenuSteps [main] accepting conditions
2020-11-12 01:48:47,010 ERROR c.SeleniumDriverWrapper [main] Element: //iframe[contains(@id, 'sp_message_iframe')] was not foundno such element: Unable to locate element: {"method":"xpath","selector":"//iframe[contains(@id, 'sp_message_iframe')]"}
  (Session info: chrome=86.0.4240.183)
For documentation on this error, please visit: https://www.seleniumhq.org/exceptions/no_such_element.html
Build info: version: '3.141.59', revision: 'e82be7d358', time: '2018-11-14T08:17:03'
System info: host: 'LAPTOP-RN5VIIS5', ip: '192.168.142.1', os.name: 'Windows 10', os.arch: 'amd64', os.version: '10.0', java.version: '1.8.0_172'
Driver info: org.openqa.selenium.chrome.ChromeDriver
Capabilities {acceptInsecureCerts: false, browserName: chrome, browserVersion: 86.0.4240.183, chrome: {chromedriverVersion: 85.0.4183.87 (cd6713ebf92fa..., userDataDir: C:\Users\Lenovo\AppData\Loc...}, goog:chromeOptions: {debuggerAddress: localhost:64726}, javascriptEnabled: true, networkConnectionEnabled: false, pageLoadStrategy: normal, platform: WINDOWS, platformName: WINDOWS, proxy: Proxy(), setWindowRect: true, strictFileInteractability: false, timeouts: {implicit: 0, pageLoad: 300000, script: 30000}, unhandledPromptBehavior: dismiss and notify, webauthn:virtualAuthenticators: true}
Session ID: 203e5d27cc8477e2fbd297e8e0244081
*** Element info: {Using=xpath, value=//iframe[contains(@id, 'sp_message_iframe')]}
2020-11-12 01:48:47,011 ERROR c.SeleniumDriverWrapper [main] //iframe[contains(@id, 'sp_message_iframe')]null
2020-11-12 01:49:07,389 INFO s.TestCaseBase [main] starting test ...
2020-11-12 01:49:07,389 INFO s.MenuSteps [main] starting Spiegel
2020-11-12 01:49:12,334 INFO s.MenuSteps [main] accepting conditions
2020-11-12 01:49:14,020 ERROR c.SeleniumDriverWrapper [main] Element: //iframe[contains(@id, 'sp_message_iframe')] was not foundno such element: Unable to locate element: {"method":"xpath","selector":"//iframe[contains(@id, 'sp_message_iframe')]"}
  (Session info: chrome=86.0.4240.183)
For documentation on this error, please visit: https://www.seleniumhq.org/exceptions/no_such_element.html
Build info: version: '3.141.59', revision: 'e82be7d358', time: '2018-11-14T08:17:03'
System info: host: 'LAPTOP-RN5VIIS5', ip: '192.168.142.1', os.name: 'Windows 10', os.arch: 'amd64', os.version: '10.0', java.version: '1.8.0_172'
Driver info: org.openqa.selenium.chrome.ChromeDriver
Capabilities {acceptInsecureCerts: false, browserName: chrome, browserVersion: 86.0.4240.183, chrome: {chromedriverVersion: 85.0.4183.87 (cd6713ebf92fa..., userDataDir: C:\Users\Lenovo\AppData\Loc...}, goog:chromeOptions: {debuggerAddress: localhost:64726}, javascriptEnabled: true, networkConnectionEnabled: false, pageLoadStrategy: normal, platform: WINDOWS, platformName: WINDOWS, proxy: Proxy(), setWindowRect: true, strictFileInteractability: false, timeouts: {implicit: 0, pageLoad: 300000, script: 30000}, unhandledPromptBehavior: dismiss and notify, webauthn:virtualAuthenticators: true}
Session ID: 203e5d27cc8477e2fbd297e8e0244081
*** Element info: {Using=xpath, value=//iframe[contains(@id, 'sp_message_iframe')]}
2020-11-12 01:49:14,021 ERROR c.SeleniumDriverWrapper [main] //iframe[contains(@id, 'sp_message_iframe')]null
2020-11-12 01:49:36,829 INFO s.TestCaseBase [main] starting test ...
2020-11-12 01:49:36,829 INFO s.MenuSteps [main] starting Spiegel
2020-11-12 01:49:41,143 INFO s.MenuSteps [main] accepting conditions
2020-11-12 01:49:42,506 ERROR c.SeleniumDriverWrapper [main] Element: //iframe[contains(@id, 'sp_message_iframe')] was not foundno such element: Unable to locate element: {"method":"xpath","selector":"//iframe[contains(@id, 'sp_message_iframe')]"}
  (Session info: chrome=86.0.4240.183)
For documentation on this error, please visit: https://www.seleniumhq.org/exceptions/no_such_element.html
Build info: version: '3.141.59', revision: 'e82be7d358', time: '2018-11-14T08:17:03'
System info: host: 'LAPTOP-RN5VIIS5', ip: '192.168.142.1', os.name: 'Windows 10', os.arch: 'amd64', os.version: '10.0', java.version: '1.8.0_172'
Driver info: org.openqa.selenium.chrome.ChromeDriver
Capabilities {acceptInsecureCerts: false, browserName: chrome, browserVersion: 86.0.4240.183, chrome: {chromedriverVersion: 85.0.4183.87 (cd6713ebf92fa..., userDataDir: C:\Users\Lenovo\AppData\Loc...}, goog:chromeOptions: {debuggerAddress: localhost:64726}, javascriptEnabled: true, networkConnectionEnabled: false, pageLoadStrategy: normal, platform: WINDOWS, platformName: WINDOWS, proxy: Proxy(), setWindowRect: true, strictFileInteractability: false, timeouts: {implicit: 0, pageLoad: 300000, script: 30000}, unhandledPromptBehavior: dismiss and notify, webauthn:virtualAuthenticators: true}
Session ID: 203e5d27cc8477e2fbd297e8e0244081
*** Element info: {Using=xpath, value=//iframe[contains(@id, 'sp_message_iframe')]}
2020-11-12 01:49:42,506 ERROR c.SeleniumDriverWrapper [main] //iframe[contains(@id, 'sp_message_iframe')]null
2020-11-12 01:49:45,542 ERROR c.SeleniumDriverWrapper [main] javascript error: Cannot read property 'scrollIntoView' of null
  (Session info: chrome=86.0.4240.183)
Build info: version: '3.141.59', revision: 'e82be7d358', time: '2018-11-14T08:17:03'
System info: host: 'LAPTOP-RN5VIIS5', ip: '192.168.142.1', os.name: 'Windows 10', os.arch: 'amd64', os.version: '10.0', java.version: '1.8.0_172'
Driver info: org.openqa.selenium.chrome.ChromeDriver
Capabilities {acceptInsecureCerts: false, browserName: chrome, browserVersion: 86.0.4240.183, chrome: {chromedriverVersion: 85.0.4183.87 (cd6713ebf92fa..., userDataDir: C:\Users\Lenovo\AppData\Loc...}, goog:chromeOptions: {debuggerAddress: localhost:64726}, javascriptEnabled: true, networkConnectionEnabled: false, pageLoadStrategy: normal, platform: WINDOWS, platformName: WINDOWS, proxy: Proxy(), setWindowRect: true, strictFileInteractability: false, timeouts: {implicit: 0, pageLoad: 300000, script: 30000}, unhandledPromptBehavior: dismiss and notify, webauthn:virtualAuthenticators: true}
Session ID: 203e5d27cc8477e2fbd297e8e0244081
2020-11-12 01:49:53,427 INFO s.TestCaseBase [main] starting test ...
2020-11-12 01:49:53,428 INFO s.MenuSteps [main] starting Spiegel
2020-11-12 01:49:57,594 INFO s.MenuSteps [main] accepting conditions
2020-11-12 01:49:59,846 ERROR c.SeleniumDriverWrapper [main] Element: //iframe[contains(@id, 'sp_message_iframe')] was not foundno such element: Unable to locate element: {"method":"xpath","selector":"//iframe[contains(@id, 'sp_message_iframe')]"}
  (Session info: chrome=86.0.4240.183)
For documentation on this error, please visit: https://www.seleniumhq.org/exceptions/no_such_element.html
Build info: version: '3.141.59', revision: 'e82be7d358', time: '2018-11-14T08:17:03'
System info: host: 'LAPTOP-RN5VIIS5', ip: '192.168.142.1', os.name: 'Windows 10', os.arch: 'amd64', os.version: '10.0', java.version: '1.8.0_172'
Driver info: org.openqa.selenium.chrome.ChromeDriver
Capabilities {acceptInsecureCerts: false, browserName: chrome, browserVersion: 86.0.4240.183, chrome: {chromedriverVersion: 85.0.4183.87 (cd6713ebf92fa..., userDataDir: C:\Users\Lenovo\AppData\Loc...}, goog:chromeOptions: {debuggerAddress: localhost:64726}, javascriptEnabled: true, networkConnectionEnabled: false, pageLoadStrategy: normal, platform: WINDOWS, platformName: WINDOWS, proxy: Proxy(), setWindowRect: true, strictFileInteractability: false, timeouts: {implicit: 0, pageLoad: 300000, script: 30000}, unhandledPromptBehavior: dismiss and notify, webauthn:virtualAuthenticators: true}
Session ID: 203e5d27cc8477e2fbd297e8e0244081
*** Element info: {Using=xpath, value=//iframe[contains(@id, 'sp_message_iframe')]}
2020-11-12 01:49:59,846 ERROR c.SeleniumDriverWrapper [main] //iframe[contains(@id, 'sp_message_iframe')]null
2020-11-12 01:50:20,756 INFO s.TestCaseBase [main] starting test ...
2020-11-12 01:50:20,757 INFO s.MenuSteps [main] starting Spiegel
2020-11-12 01:50:25,564 INFO s.MenuSteps [main] accepting conditions
2020-11-12 01:50:27,874 ERROR c.SeleniumDriverWrapper [main] Element: //iframe[contains(@id, 'sp_message_iframe')] was not foundno such element: Unable to locate element: {"method":"xpath","selector":"//iframe[contains(@id, 'sp_message_iframe')]"}
  (Session info: chrome=86.0.4240.183)
For documentation on this error, please visit: https://www.seleniumhq.org/exceptions/no_such_element.html
Build info: version: '3.141.59', revision: 'e82be7d358', time: '2018-11-14T08:17:03'
System info: host: 'LAPTOP-RN5VIIS5', ip: '192.168.142.1', os.name: 'Windows 10', os.arch: 'amd64', os.version: '10.0', java.version: '1.8.0_172'
Driver info: org.openqa.selenium.chrome.ChromeDriver
Capabilities {acceptInsecureCerts: false, browserName: chrome, browserVersion: 86.0.4240.183, chrome: {chromedriverVersion: 85.0.4183.87 (cd6713ebf92fa..., userDataDir: C:\Users\Lenovo\AppData\Loc...}, goog:chromeOptions: {debuggerAddress: localhost:64726}, javascriptEnabled: true, networkConnectionEnabled: false, pageLoadStrategy: normal, platform: WINDOWS, platformName: WINDOWS, proxy: Proxy(), setWindowRect: true, strictFileInteractability: false, timeouts: {implicit: 0, pageLoad: 300000, script: 30000}, unhandledPromptBehavior: dismiss and notify, webauthn:virtualAuthenticators: true}
Session ID: 203e5d27cc8477e2fbd297e8e0244081
*** Element info: {Using=xpath, value=//iframe[contains(@id, 'sp_message_iframe')]}
2020-11-12 01:50:27,875 ERROR c.SeleniumDriverWrapper [main] //iframe[contains(@id, 'sp_message_iframe')]null
2020-11-12 01:50:47,317 INFO s.TestCaseBase [main] starting test ...
2020-11-12 01:50:47,318 INFO s.MenuSteps [main] starting Spiegel
2020-11-12 01:50:53,168 INFO s.MenuSteps [main] accepting conditions
2020-11-12 01:50:56,199 ERROR c.SeleniumDriverWrapper [main] Element: //iframe[contains(@id, 'sp_message_iframe')] was not foundno such element: Unable to locate element: {"method":"xpath","selector":"//iframe[contains(@id, 'sp_message_iframe')]"}
  (Session info: chrome=86.0.4240.183)
For documentation on this error, please visit: https://www.seleniumhq.org/exceptions/no_such_element.html
Build info: version: '3.141.59', revision: 'e82be7d358', time: '2018-11-14T08:17:03'
System info: host: 'LAPTOP-RN5VIIS5', ip: '192.168.142.1', os.name: 'Windows 10', os.arch: 'amd64', os.version: '10.0', java.version: '1.8.0_172'
Driver info: org.openqa.selenium.chrome.ChromeDriver
Capabilities {acceptInsecureCerts: false, browserName: chrome, browserVersion: 86.0.4240.183, chrome: {chromedriverVersion: 85.0.4183.87 (cd6713ebf92fa..., userDataDir: C:\Users\Lenovo\AppData\Loc...}, goog:chromeOptions: {debuggerAddress: localhost:64726}, javascriptEnabled: true, networkConnectionEnabled: false, pageLoadStrategy: normal, platform: WINDOWS, platformName: WINDOWS, proxy: Proxy(), setWindowRect: true, strictFileInteractability: false, timeouts: {implicit: 0, pageLoad: 300000, script: 30000}, unhandledPromptBehavior: dismiss and notify, webauthn:virtualAuthenticators: true}
Session ID: 203e5d27cc8477e2fbd297e8e0244081
*** Element info: {Using=xpath, value=//iframe[contains(@id, 'sp_message_iframe')]}
2020-11-12 01:50:56,199 ERROR c.SeleniumDriverWrapper [main] //iframe[contains(@id, 'sp_message_iframe')]null
2020-11-12 01:51:15,414 INFO s.TestCaseBase [main] starting test ...
2020-11-12 01:51:15,415 INFO s.MenuSteps [main] starting Spiegel
2020-11-12 01:51:18,931 INFO s.MenuSteps [main] accepting conditions
2020-11-12 01:51:23,737 ERROR c.SeleniumDriverWrapper [main] Element: //iframe[contains(@id, 'sp_message_iframe')] was not foundno such element: Unable to locate element: {"method":"xpath","selector":"//iframe[contains(@id, 'sp_message_iframe')]"}
  (Session info: chrome=86.0.4240.183)
For documentation on this error, please visit: https://www.seleniumhq.org/exceptions/no_such_element.html
Build info: version: '3.141.59', revision: 'e82be7d358', time: '2018-11-14T08:17:03'
System info: host: 'LAPTOP-RN5VIIS5', ip: '192.168.142.1', os.name: 'Windows 10', os.arch: 'amd64', os.version: '10.0', java.version: '1.8.0_172'
Driver info: org.openqa.selenium.chrome.ChromeDriver
Capabilities {acceptInsecureCerts: false, browserName: chrome, browserVersion: 86.0.4240.183, chrome: {chromedriverVersion: 85.0.4183.87 (cd6713ebf92fa..., userDataDir: C:\Users\Lenovo\AppData\Loc...}, goog:chromeOptions: {debuggerAddress: localhost:64726}, javascriptEnabled: true, networkConnectionEnabled: false, pageLoadStrategy: normal, platform: WINDOWS, platformName: WINDOWS, proxy: Proxy(), setWindowRect: true, strictFileInteractability: false, timeouts: {implicit: 0, pageLoad: 300000, script: 30000}, unhandledPromptBehavior: dismiss and notify, webauthn:virtualAuthenticators: true}
Session ID: 203e5d27cc8477e2fbd297e8e0244081
*** Element info: {Using=xpath, value=//iframe[contains(@id, 'sp_message_iframe')]}
2020-11-12 01:51:23,738 ERROR c.SeleniumDriverWrapper [main] //iframe[contains(@id, 'sp_message_iframe')]null
2020-11-12 01:51:42,824 INFO s.TestCaseBase [main] starting test ...
2020-11-12 01:51:42,824 INFO s.MenuSteps [main] starting Spiegel
2020-11-12 01:51:46,743 INFO s.MenuSteps [main] accepting conditions
2020-11-12 01:51:49,503 ERROR c.SeleniumDriverWrapper [main] Element: //iframe[contains(@id, 'sp_message_iframe')] was not foundno such element: Unable to locate element: {"method":"xpath","selector":"//iframe[contains(@id, 'sp_message_iframe')]"}
  (Session info: chrome=86.0.4240.183)
For documentation on this error, please visit: https://www.seleniumhq.org/exceptions/no_such_element.html
Build info: version: '3.141.59', revision: 'e82be7d358', time: '2018-11-14T08:17:03'
System info: host: 'LAPTOP-RN5VIIS5', ip: '192.168.142.1', os.name: 'Windows 10', os.arch: 'amd64', os.version: '10.0', java.version: '1.8.0_172'
Driver info: org.openqa.selenium.chrome.ChromeDriver
Capabilities {acceptInsecureCerts: false, browserName: chrome, browserVersion: 86.0.4240.183, chrome: {chromedriverVersion: 85.0.4183.87 (cd6713ebf92fa..., userDataDir: C:\Users\Lenovo\AppData\Loc...}, goog:chromeOptions: {debuggerAddress: localhost:64726}, javascriptEnabled: true, networkConnectionEnabled: false, pageLoadStrategy: normal, platform: WINDOWS, platformName: WINDOWS, proxy: Proxy(), setWindowRect: true, strictFileInteractability: false, timeouts: {implicit: 0, pageLoad: 300000, script: 30000}, unhandledPromptBehavior: dismiss and notify, webauthn:virtualAuthenticators: true}
Session ID: 203e5d27cc8477e2fbd297e8e0244081
*** Element info: {Using=xpath, value=//iframe[contains(@id, 'sp_message_iframe')]}
2020-11-12 01:51:49,503 ERROR c.SeleniumDriverWrapper [main] //iframe[contains(@id, 'sp_message_iframe')]null
2020-11-12 01:51:57,625 ERROR s.StartpageSteps [main] bound must be positive
2020-11-12 01:51:57,625 INFO c.SeleniumDriverWrapper [main] this is the filename  ERROR_SCREENSHOT_clicking_random_article_of_tests_channel_1605142317625.jpg
2020-11-12 01:52:18,913 ERROR p.BasePage [main] Page DER SPIEGEL | Online-Nachrichten need longer than 15 seconds to load[Ljava.lang.StackTraceElement;@6f53295e
2020-11-12 01:52:18,923 INFO s.TestCaseBase [main] starting test ...
2020-11-12 01:52:18,923 INFO s.MenuSteps [main] starting Spiegel
2020-11-12 01:52:23,333 INFO s.MenuSteps [main] accepting conditions
2020-11-12 01:52:25,495 ERROR c.SeleniumDriverWrapper [main] Element: //iframe[contains(@id, 'sp_message_iframe')] was not foundno such element: Unable to locate element: {"method":"xpath","selector":"//iframe[contains(@id, 'sp_message_iframe')]"}
  (Session info: chrome=86.0.4240.183)
For documentation on this error, please visit: https://www.seleniumhq.org/exceptions/no_such_element.html
Build info: version: '3.141.59', revision: 'e82be7d358', time: '2018-11-14T08:17:03'
System info: host: 'LAPTOP-RN5VIIS5', ip: '192.168.142.1', os.name: 'Windows 10', os.arch: 'amd64', os.version: '10.0', java.version: '1.8.0_172'
Driver info: org.openqa.selenium.chrome.ChromeDriver
Capabilities {acceptInsecureCerts: false, browserName: chrome, browserVersion: 86.0.4240.183, chrome: {chromedriverVersion: 85.0.4183.87 (cd6713ebf92fa..., userDataDir: C:\Users\Lenovo\AppData\Loc...}, goog:chromeOptions: {debuggerAddress: localhost:64726}, javascriptEnabled: true, networkConnectionEnabled: false, pageLoadStrategy: normal, platform: WINDOWS, platformName: WINDOWS, proxy: Proxy(), setWindowRect: true, strictFileInteractability: false, timeouts: {implicit: 0, pageLoad: 300000, script: 30000}, unhandledPromptBehavior: dismiss and notify, webauthn:virtualAuthenticators: true}
Session ID: 203e5d27cc8477e2fbd297e8e0244081
*** Element info: {Using=xpath, value=//iframe[contains(@id, 'sp_message_iframe')]}
2020-11-12 01:52:25,496 ERROR c.SeleniumDriverWrapper [main] //iframe[contains(@id, 'sp_message_iframe')]null
2020-11-12 01:52:44,905 INFO s.TestCaseBase [main] starting test ...
2020-11-12 01:52:44,906 INFO s.MenuSteps [main] starting Spiegel
2020-11-12 01:52:52,261 INFO s.MenuSteps [main] accepting conditions
2020-11-12 01:52:54,166 ERROR c.SeleniumDriverWrapper [main] Element: //iframe[contains(@id, 'sp_message_iframe')] was not foundno such element: Unable to locate element: {"method":"xpath","selector":"//iframe[contains(@id, 'sp_message_iframe')]"}
  (Session info: chrome=86.0.4240.183)
For documentation on this error, please visit: https://www.seleniumhq.org/exceptions/no_such_element.html
Build info: version: '3.141.59', revision: 'e82be7d358', time: '2018-11-14T08:17:03'
System info: host: 'LAPTOP-RN5VIIS5', ip: '192.168.142.1', os.name: 'Windows 10', os.arch: 'amd64', os.version: '10.0', java.version: '1.8.0_172'
Driver info: org.openqa.selenium.chrome.ChromeDriver
Capabilities {acceptInsecureCerts: false, browserName: chrome, browserVersion: 86.0.4240.183, chrome: {chromedriverVersion: 85.0.4183.87 (cd6713ebf92fa..., userDataDir: C:\Users\Lenovo\AppData\Loc...}, goog:chromeOptions: {debuggerAddress: localhost:64726}, javascriptEnabled: true, networkConnectionEnabled: false, pageLoadStrategy: normal, platform: WINDOWS, platformName: WINDOWS, proxy: Proxy(), setWindowRect: true, strictFileInteractability: false, timeouts: {implicit: 0, pageLoad: 300000, script: 30000}, unhandledPromptBehavior: dismiss and notify, webauthn:virtualAuthenticators: true}
Session ID: 203e5d27cc8477e2fbd297e8e0244081
*** Element info: {Using=xpath, value=//iframe[contains(@id, 'sp_message_iframe')]}
2020-11-12 01:52:54,167 ERROR c.SeleniumDriverWrapper [main] //iframe[contains(@id, 'sp_message_iframe')]null
2020-11-12 01:53:26,156 ERROR p.BasePage [main] Page DER SPIEGEL | Online-Nachrichten need longer than 15 seconds to load[Ljava.lang.StackTraceElement;@7e864fa4
2020-11-12 01:53:26,165 INFO s.TestCaseBase [main] starting test ...
2020-11-12 01:53:26,166 INFO s.MenuSteps [main] starting Spiegel
2020-11-12 01:53:31,051 INFO s.MenuSteps [main] accepting conditions
2020-11-12 01:53:33,077 ERROR c.SeleniumDriverWrapper [main] Element: //iframe[contains(@id, 'sp_message_iframe')] was not foundno such element: Unable to locate element: {"method":"xpath","selector":"//iframe[contains(@id, 'sp_message_iframe')]"}
  (Session info: chrome=86.0.4240.183)
For documentation on this error, please visit: https://www.seleniumhq.org/exceptions/no_such_element.html
Build info: version: '3.141.59', revision: 'e82be7d358', time: '2018-11-14T08:17:03'
System info: host: 'LAPTOP-RN5VIIS5', ip: '192.168.142.1', os.name: 'Windows 10', os.arch: 'amd64', os.version: '10.0', java.version: '1.8.0_172'
Driver info: org.openqa.selenium.chrome.ChromeDriver
Capabilities {acceptInsecureCerts: false, browserName: chrome, browserVersion: 86.0.4240.183, chrome: {chromedriverVersion: 85.0.4183.87 (cd6713ebf92fa..., userDataDir: C:\Users\Lenovo\AppData\Loc...}, goog:chromeOptions: {debuggerAddress: localhost:64726}, javascriptEnabled: true, networkConnectionEnabled: false, pageLoadStrategy: normal, platform: WINDOWS, platformName: WINDOWS, proxy: Proxy(), setWindowRect: true, strictFileInteractability: false, timeouts: {implicit: 0, pageLoad: 300000, script: 30000}, unhandledPromptBehavior: dismiss and notify, webauthn:virtualAuthenticators: true}
Session ID: 203e5d27cc8477e2fbd297e8e0244081
*** Element info: {Using=xpath, value=//iframe[contains(@id, 'sp_message_iframe')]}
2020-11-12 01:53:33,077 ERROR c.SeleniumDriverWrapper [main] //iframe[contains(@id, 'sp_message_iframe')]null
2020-11-12 01:53:36,108 ERROR c.SeleniumDriverWrapper [main] javascript error: Cannot read property 'scrollIntoView' of null
  (Session info: chrome=86.0.4240.183)
Build info: version: '3.141.59', revision: 'e82be7d358', time: '2018-11-14T08:17:03'
System info: host: 'LAPTOP-RN5VIIS5', ip: '192.168.142.1', os.name: 'Windows 10', os.arch: 'amd64', os.version: '10.0', java.version: '1.8.0_172'
Driver info: org.openqa.selenium.chrome.ChromeDriver
Capabilities {acceptInsecureCerts: false, browserName: chrome, browserVersion: 86.0.4240.183, chrome: {chromedriverVersion: 85.0.4183.87 (cd6713ebf92fa..., userDataDir: C:\Users\Lenovo\AppData\Loc...}, goog:chromeOptions: {debuggerAddress: localhost:64726}, javascriptEnabled: true, networkConnectionEnabled: false, pageLoadStrategy: normal, platform: WINDOWS, platformName: WINDOWS, proxy: Proxy(), setWindowRect: true, strictFileInteractability: false, timeouts: {implicit: 0, pageLoad: 300000, script: 30000}, unhandledPromptBehavior: dismiss and notify, webauthn:virtualAuthenticators: true}
Session ID: 203e5d27cc8477e2fbd297e8e0244081
